[0.871s] Invoking command in '/home/only/workspace/wang/smartcar/gps_module/gps_ws/src/gps_driver': PYTHONPATH=/home/only/workspace/wang/smartcar/gps_module/gps_ws/build/gps_driver/prefix_override:/usr/lib/python3/dist-packages/colcon_core/task/python/colcon_distutils_commands:/home/only/workspace/wang/smartcar/gps_module/gps_ws/install/gps_driver/lib/python3.10/site-packages:${PYTHONPATH} /usr/bin/python3 -W ignore:setup.py install is deprecated -W ignore:easy_install command is deprecated setup.py egg_info --egg-base ../../build/gps_driver build --build-base /home/only/workspace/wang/smartcar/gps_module/gps_ws/build/gps_driver/build install --record /home/only/workspace/wang/smartcar/gps_module/gps_ws/build/gps_driver/install.log --single-version-externally-managed install_data
[1.196s] running egg_info
[1.196s] creating ../../build/gps_driver/gps_driver.egg-info
[1.197s] writing ../../build/gps_driver/gps_driver.egg-info/PKG-INFO
[1.197s] writing dependency_links to ../../build/gps_driver/gps_driver.egg-info/dependency_links.txt
[1.199s] writing entry points to ../../build/gps_driver/gps_driver.egg-info/entry_points.txt
[1.200s] writing requirements to ../../build/gps_driver/gps_driver.egg-info/requires.txt
[1.200s] writing top-level names to ../../build/gps_driver/gps_driver.egg-info/top_level.txt
[1.200s] writing manifest file '../../build/gps_driver/gps_driver.egg-info/SOURCES.txt'
[1.200s] reading manifest file '../../build/gps_driver/gps_driver.egg-info/SOURCES.txt'
[1.200s] writing manifest file '../../build/gps_driver/gps_driver.egg-info/SOURCES.txt'
[1.201s] running build
[1.201s] running build_py
[1.201s] creating /home/only/workspace/wang/smartcar/gps_module/gps_ws/build/gps_driver/build
[1.202s] creating /home/only/workspace/wang/smartcar/gps_module/gps_ws/build/gps_driver/build/lib
[1.202s] creating /home/only/workspace/wang/smartcar/gps_module/gps_ws/build/gps_driver/build/lib/gps_driver
[1.202s] copying gps_driver/__init__.py -> /home/only/workspace/wang/smartcar/gps_module/gps_ws/build/gps_driver/build/lib/gps_driver
[1.202s] copying gps_driver/gps_serial_node.py -> /home/only/workspace/wang/smartcar/gps_module/gps_ws/build/gps_driver/build/lib/gps_driver
[1.202s] running install
[1.202s] running install_lib
[1.202s] creating /home/only/workspace/wang/smartcar/gps_module/gps_ws/install/gps_driver/lib/python3.10/site-packages/gps_driver
[1.202s] copying /home/only/workspace/wang/smartcar/gps_module/gps_ws/build/gps_driver/build/lib/gps_driver/__init__.py -> /home/only/workspace/wang/smartcar/gps_module/gps_ws/install/gps_driver/lib/python3.10/site-packages/gps_driver
[1.202s] copying /home/only/workspace/wang/smartcar/gps_module/gps_ws/build/gps_driver/build/lib/gps_driver/gps_serial_node.py -> /home/only/workspace/wang/smartcar/gps_module/gps_ws/install/gps_driver/lib/python3.10/site-packages/gps_driver
[1.203s] byte-compiling /home/only/workspace/wang/smartcar/gps_module/gps_ws/install/gps_driver/lib/python3.10/site-packages/gps_driver/__init__.py to __init__.cpython-310.pyc
[1.203s] byte-compiling /home/only/workspace/wang/smartcar/gps_module/gps_ws/install/gps_driver/lib/python3.10/site-packages/gps_driver/gps_serial_node.py to gps_serial_node.cpython-310.pyc
[1.203s] running install_data
[1.204s] creating /home/only/workspace/wang/smartcar/gps_module/gps_ws/install/gps_driver/share/ament_index
[1.204s] creating /home/only/workspace/wang/smartcar/gps_module/gps_ws/install/gps_driver/share/ament_index/resource_index
[1.204s] creating /home/only/workspace/wang/smartcar/gps_module/gps_ws/install/gps_driver/share/ament_index/resource_index/packages
[1.204s] copying resource/gps_driver -> /home/only/workspace/wang/smartcar/gps_module/gps_ws/install/gps_driver/share/ament_index/resource_index/packages
[1.204s] copying package.xml -> /home/only/workspace/wang/smartcar/gps_module/gps_ws/install/gps_driver/share/gps_driver
[1.204s] creating /home/only/workspace/wang/smartcar/gps_module/gps_ws/install/gps_driver/share/gps_driver/launch
[1.204s] copying launch/gps_driver.launch.py -> /home/only/workspace/wang/smartcar/gps_module/gps_ws/install/gps_driver/share/gps_driver/launch
[1.229s] running install_egg_info
[1.232s] Copying ../../build/gps_driver/gps_driver.egg-info to /home/only/workspace/wang/smartcar/gps_module/gps_ws/install/gps_driver/lib/python3.10/site-packages/gps_driver-0.0.0-py3.10.egg-info
[1.233s] running install_scripts
[1.255s] Installing gps_serial_node script to /home/only/workspace/wang/smartcar/gps_module/gps_ws/install/gps_driver/lib/gps_driver
[1.255s] writing list of installed files to '/home/only/workspace/wang/smartcar/gps_module/gps_ws/build/gps_driver/install.log'
[1.295s] Invoked command in '/home/only/workspace/wang/smartcar/gps_module/gps_ws/src/gps_driver' returned '0': PYTHONPATH=/home/only/workspace/wang/smartcar/gps_module/gps_ws/build/gps_driver/prefix_override:/usr/lib/python3/dist-packages/colcon_core/task/python/colcon_distutils_commands:/home/only/workspace/wang/smartcar/gps_module/gps_ws/install/gps_driver/lib/python3.10/site-packages:${PYTHONPATH} /usr/bin/python3 -W ignore:setup.py install is deprecated -W ignore:easy_install command is deprecated setup.py egg_info --egg-base ../../build/gps_driver build --build-base /home/only/workspace/wang/smartcar/gps_module/gps_ws/build/gps_driver/build install --record /home/only/workspace/wang/smartcar/gps_module/gps_ws/build/gps_driver/install.log --single-version-externally-managed install_data
