running egg_info
creating ../../build/wit_ros2_imu/wit_ros2_imu.egg-info
writing ../../build/wit_ros2_imu/wit_ros2_imu.egg-info/PKG-INFO
writing dependency_links to ../../build/wit_ros2_imu/wit_ros2_imu.egg-info/dependency_links.txt
writing entry points to ../../build/wit_ros2_imu/wit_ros2_imu.egg-info/entry_points.txt
writing requirements to ../../build/wit_ros2_imu/wit_ros2_imu.egg-info/requires.txt
writing top-level names to ../../build/wit_ros2_imu/wit_ros2_imu.egg-info/top_level.txt
writing manifest file '../../build/wit_ros2_imu/wit_ros2_imu.egg-info/SOURCES.txt'
reading manifest file '../../build/wit_ros2_imu/wit_ros2_imu.egg-info/SOURCES.txt'
writing manifest file '../../build/wit_ros2_imu/wit_ros2_imu.egg-info/SOURCES.txt'
running build
running build_py
creating /home/only/workspace/wang/smartcar/10_axis_imu/imu_ws/build/wit_ros2_imu/build
creating /home/only/workspace/wang/smartcar/10_axis_imu/imu_ws/build/wit_ros2_imu/build/lib
creating /home/only/workspace/wang/smartcar/10_axis_imu/imu_ws/build/wit_ros2_imu/build/lib/wit_ros2_imu
copying wit_ros2_imu/wit_ros2_imu.py -> /home/only/workspace/wang/smartcar/10_axis_imu/imu_ws/build/wit_ros2_imu/build/lib/wit_ros2_imu
copying wit_ros2_imu/__init__.py -> /home/only/workspace/wang/smartcar/10_axis_imu/imu_ws/build/wit_ros2_imu/build/lib/wit_ros2_imu
running install
running install_lib
creating /home/only/workspace/wang/smartcar/10_axis_imu/imu_ws/install/wit_ros2_imu/lib/python3.10/site-packages/wit_ros2_imu
copying /home/only/workspace/wang/smartcar/10_axis_imu/imu_ws/build/wit_ros2_imu/build/lib/wit_ros2_imu/wit_ros2_imu.py -> /home/only/workspace/wang/smartcar/10_axis_imu/imu_ws/install/wit_ros2_imu/lib/python3.10/site-packages/wit_ros2_imu
copying /home/only/workspace/wang/smartcar/10_axis_imu/imu_ws/build/wit_ros2_imu/build/lib/wit_ros2_imu/__init__.py -> /home/only/workspace/wang/smartcar/10_axis_imu/imu_ws/install/wit_ros2_imu/lib/python3.10/site-packages/wit_ros2_imu
byte-compiling /home/only/workspace/wang/smartcar/10_axis_imu/imu_ws/install/wit_ros2_imu/lib/python3.10/site-packages/wit_ros2_imu/wit_ros2_imu.py to wit_ros2_imu.cpython-310.pyc
byte-compiling /home/only/workspace/wang/smartcar/10_axis_imu/imu_ws/install/wit_ros2_imu/lib/python3.10/site-packages/wit_ros2_imu/__init__.py to __init__.cpython-310.pyc
running install_data
creating /home/only/workspace/wang/smartcar/10_axis_imu/imu_ws/install/wit_ros2_imu/share/ament_index
creating /home/only/workspace/wang/smartcar/10_axis_imu/imu_ws/install/wit_ros2_imu/share/ament_index/resource_index
creating /home/only/workspace/wang/smartcar/10_axis_imu/imu_ws/install/wit_ros2_imu/share/ament_index/resource_index/packages
copying resource/wit_ros2_imu -> /home/only/workspace/wang/smartcar/10_axis_imu/imu_ws/install/wit_ros2_imu/share/ament_index/resource_index/packages
copying package.xml -> /home/only/workspace/wang/smartcar/10_axis_imu/imu_ws/install/wit_ros2_imu/share/wit_ros2_imu
copying launch/rviz_and_imu.launch.py -> /home/only/workspace/wang/smartcar/10_axis_imu/imu_ws/install/wit_ros2_imu/share/wit_ros2_imu
running install_egg_info
Copying ../../build/wit_ros2_imu/wit_ros2_imu.egg-info to /home/only/workspace/wang/smartcar/10_axis_imu/imu_ws/install/wit_ros2_imu/lib/python3.10/site-packages/wit_ros2_imu-0.0.0-py3.10.egg-info
running install_scripts
Installing wit_ros2_imu script to /home/only/workspace/wang/smartcar/10_axis_imu/imu_ws/install/wit_ros2_imu/lib/wit_ros2_imu
writing list of installed files to '/home/only/workspace/wang/smartcar/10_axis_imu/imu_ws/build/wit_ros2_imu/install.log'
