[1.397s] Invoking command in '/home/only/workspace/wang/smartcar/10_axis_imu/imu_ws/src/wit_ros2_imu': PYTHONPATH=/home/only/workspace/wang/smartcar/10_axis_imu/imu_ws/build/wit_ros2_imu/prefix_override:/usr/lib/python3/dist-packages/colcon_core/task/python/colcon_distutils_commands:/home/only/workspace/wang/smartcar/10_axis_imu/imu_ws/install/wit_ros2_imu/lib/python3.10/site-packages:${PYTHONPATH} /usr/bin/python3 -W ignore:setup.py install is deprecated -W ignore:easy_install command is deprecated setup.py egg_info --egg-base ../../build/wit_ros2_imu build --build-base /home/only/workspace/wang/smartcar/10_axis_imu/imu_ws/build/wit_ros2_imu/build install --record /home/only/workspace/wang/smartcar/10_axis_imu/imu_ws/build/wit_ros2_imu/install.log --install-scripts $base/lib/wit_ros2_imu --single-version-externally-managed install_data
[1.743s] /usr/lib/python3/dist-packages/setuptools/dist.py:723: UserWarning: Usage of dash-separated 'script-dir' will not be supported in future versions. Please use the underscore name 'script_dir' instead
[1.743s]   warnings.warn(
[1.841s] running egg_info
[1.841s] creating ../../build/wit_ros2_imu/wit_ros2_imu.egg-info
[1.843s] writing ../../build/wit_ros2_imu/wit_ros2_imu.egg-info/PKG-INFO
[1.843s] writing dependency_links to ../../build/wit_ros2_imu/wit_ros2_imu.egg-info/dependency_links.txt
[1.843s] writing entry points to ../../build/wit_ros2_imu/wit_ros2_imu.egg-info/entry_points.txt
[1.843s] writing requirements to ../../build/wit_ros2_imu/wit_ros2_imu.egg-info/requires.txt
[1.843s] writing top-level names to ../../build/wit_ros2_imu/wit_ros2_imu.egg-info/top_level.txt
[1.843s] writing manifest file '../../build/wit_ros2_imu/wit_ros2_imu.egg-info/SOURCES.txt'
[1.845s] reading manifest file '../../build/wit_ros2_imu/wit_ros2_imu.egg-info/SOURCES.txt'
[1.846s] writing manifest file '../../build/wit_ros2_imu/wit_ros2_imu.egg-info/SOURCES.txt'
[1.846s] running build
[1.847s] running build_py
[1.847s] creating /home/only/workspace/wang/smartcar/10_axis_imu/imu_ws/build/wit_ros2_imu/build
[1.847s] creating /home/only/workspace/wang/smartcar/10_axis_imu/imu_ws/build/wit_ros2_imu/build/lib
[1.847s] creating /home/only/workspace/wang/smartcar/10_axis_imu/imu_ws/build/wit_ros2_imu/build/lib/wit_ros2_imu
[1.847s] copying wit_ros2_imu/wit_ros2_imu.py -> /home/only/workspace/wang/smartcar/10_axis_imu/imu_ws/build/wit_ros2_imu/build/lib/wit_ros2_imu
[1.848s] copying wit_ros2_imu/__init__.py -> /home/only/workspace/wang/smartcar/10_axis_imu/imu_ws/build/wit_ros2_imu/build/lib/wit_ros2_imu
[1.848s] running install
[1.848s] running install_lib
[1.850s] creating /home/only/workspace/wang/smartcar/10_axis_imu/imu_ws/install/wit_ros2_imu/lib/python3.10/site-packages/wit_ros2_imu
[1.851s] copying /home/only/workspace/wang/smartcar/10_axis_imu/imu_ws/build/wit_ros2_imu/build/lib/wit_ros2_imu/wit_ros2_imu.py -> /home/only/workspace/wang/smartcar/10_axis_imu/imu_ws/install/wit_ros2_imu/lib/python3.10/site-packages/wit_ros2_imu
[1.851s] copying /home/only/workspace/wang/smartcar/10_axis_imu/imu_ws/build/wit_ros2_imu/build/lib/wit_ros2_imu/__init__.py -> /home/only/workspace/wang/smartcar/10_axis_imu/imu_ws/install/wit_ros2_imu/lib/python3.10/site-packages/wit_ros2_imu
[1.851s] byte-compiling /home/only/workspace/wang/smartcar/10_axis_imu/imu_ws/install/wit_ros2_imu/lib/python3.10/site-packages/wit_ros2_imu/wit_ros2_imu.py to wit_ros2_imu.cpython-310.pyc
[1.852s] byte-compiling /home/only/workspace/wang/smartcar/10_axis_imu/imu_ws/install/wit_ros2_imu/lib/python3.10/site-packages/wit_ros2_imu/__init__.py to __init__.cpython-310.pyc
[1.852s] running install_data
[1.852s] creating /home/only/workspace/wang/smartcar/10_axis_imu/imu_ws/install/wit_ros2_imu/share/ament_index
[1.853s] creating /home/only/workspace/wang/smartcar/10_axis_imu/imu_ws/install/wit_ros2_imu/share/ament_index/resource_index
[1.853s] creating /home/only/workspace/wang/smartcar/10_axis_imu/imu_ws/install/wit_ros2_imu/share/ament_index/resource_index/packages
[1.853s] copying resource/wit_ros2_imu -> /home/only/workspace/wang/smartcar/10_axis_imu/imu_ws/install/wit_ros2_imu/share/ament_index/resource_index/packages
[1.853s] copying package.xml -> /home/only/workspace/wang/smartcar/10_axis_imu/imu_ws/install/wit_ros2_imu/share/wit_ros2_imu
[1.853s] copying launch/rviz_and_imu.launch.py -> /home/only/workspace/wang/smartcar/10_axis_imu/imu_ws/install/wit_ros2_imu/share/wit_ros2_imu
[1.853s] running install_egg_info
[1.855s] Copying ../../build/wit_ros2_imu/wit_ros2_imu.egg-info to /home/only/workspace/wang/smartcar/10_axis_imu/imu_ws/install/wit_ros2_imu/lib/python3.10/site-packages/wit_ros2_imu-0.0.0-py3.10.egg-info
[1.856s] running install_scripts
[1.885s] Installing wit_ros2_imu script to /home/only/workspace/wang/smartcar/10_axis_imu/imu_ws/install/wit_ros2_imu/lib/wit_ros2_imu
[1.885s] writing list of installed files to '/home/only/workspace/wang/smartcar/10_axis_imu/imu_ws/build/wit_ros2_imu/install.log'
[1.977s] Invoked command in '/home/only/workspace/wang/smartcar/10_axis_imu/imu_ws/src/wit_ros2_imu' returned '0': PYTHONPATH=/home/only/workspace/wang/smartcar/10_axis_imu/imu_ws/build/wit_ros2_imu/prefix_override:/usr/lib/python3/dist-packages/colcon_core/task/python/colcon_distutils_commands:/home/only/workspace/wang/smartcar/10_axis_imu/imu_ws/install/wit_ros2_imu/lib/python3.10/site-packages:${PYTHONPATH} /usr/bin/python3 -W ignore:setup.py install is deprecated -W ignore:easy_install command is deprecated setup.py egg_info --egg-base ../../build/wit_ros2_imu build --build-base /home/only/workspace/wang/smartcar/10_axis_imu/imu_ws/build/wit_ros2_imu/build install --record /home/only/workspace/wang/smartcar/10_axis_imu/imu_ws/build/wit_ros2_imu/install.log --install-scripts $base/lib/wit_ros2_imu --single-version-externally-managed install_data
