[1.146s] Invoking command in '/home/only/workspace/wang/smartcar/gps_module/gps_ws/src/gps_driver': PYTHONPATH=/home/only/workspace/wang/smartcar/gps_module/gps_ws/build/gps_driver/prefix_override:/usr/lib/python3/dist-packages/colcon_core/task/python/colcon_distutils_commands:/home/only/workspace/wang/smartcar/gps_module/gps_ws/install/gps_driver/lib/python3.10/site-packages:${PYTHONPATH} /usr/bin/python3 -W ignore:setup.py install is deprecated -W ignore:easy_install command is deprecated setup.py egg_info --egg-base ../../build/gps_driver build --build-base /home/only/workspace/wang/smartcar/gps_module/gps_ws/build/gps_driver/build install --record /home/only/workspace/wang/smartcar/gps_module/gps_ws/build/gps_driver/install.log --single-version-externally-managed install_data
[1.549s] running egg_info
[1.550s] writing ../../build/gps_driver/gps_driver.egg-info/PKG-INFO
[1.550s] writing dependency_links to ../../build/gps_driver/gps_driver.egg-info/dependency_links.txt
[1.550s] writing entry points to ../../build/gps_driver/gps_driver.egg-info/entry_points.txt
[1.550s] writing requirements to ../../build/gps_driver/gps_driver.egg-info/requires.txt
[1.551s] writing top-level names to ../../build/gps_driver/gps_driver.egg-info/top_level.txt
[1.552s] reading manifest file '../../build/gps_driver/gps_driver.egg-info/SOURCES.txt'
[1.553s] writing manifest file '../../build/gps_driver/gps_driver.egg-info/SOURCES.txt'
[1.553s] running build
[1.555s] running build_py
[1.555s] copying gps_driver/gps_serial_node.py -> /home/only/workspace/wang/smartcar/gps_module/gps_ws/build/gps_driver/build/lib/gps_driver
[1.555s] running install
[1.556s] running install_lib
[1.557s] copying /home/only/workspace/wang/smartcar/gps_module/gps_ws/build/gps_driver/build/lib/gps_driver/gps_serial_node.py -> /home/only/workspace/wang/smartcar/gps_module/gps_ws/install/gps_driver/lib/python3.10/site-packages/gps_driver
[1.558s] byte-compiling /home/only/workspace/wang/smartcar/gps_module/gps_ws/install/gps_driver/lib/python3.10/site-packages/gps_driver/gps_serial_node.py to gps_serial_node.cpython-310.pyc
[1.559s] running install_data
[1.559s] running install_egg_info
[1.561s] removing '/home/only/workspace/wang/smartcar/gps_module/gps_ws/install/gps_driver/lib/python3.10/site-packages/gps_driver-0.0.0-py3.10.egg-info' (and everything under it)
[1.561s] Copying ../../build/gps_driver/gps_driver.egg-info to /home/only/workspace/wang/smartcar/gps_module/gps_ws/install/gps_driver/lib/python3.10/site-packages/gps_driver-0.0.0-py3.10.egg-info
[1.562s] running install_scripts
[1.584s] Installing gps_serial_node script to /home/only/workspace/wang/smartcar/gps_module/gps_ws/install/gps_driver/lib/gps_driver
[1.584s] writing list of installed files to '/home/only/workspace/wang/smartcar/gps_module/gps_ws/build/gps_driver/install.log'
[1.653s] Invoked command in '/home/only/workspace/wang/smartcar/gps_module/gps_ws/src/gps_driver' returned '0': PYTHONPATH=/home/only/workspace/wang/smartcar/gps_module/gps_ws/build/gps_driver/prefix_override:/usr/lib/python3/dist-packages/colcon_core/task/python/colcon_distutils_commands:/home/only/workspace/wang/smartcar/gps_module/gps_ws/install/gps_driver/lib/python3.10/site-packages:${PYTHONPATH} /usr/bin/python3 -W ignore:setup.py install is deprecated -W ignore:easy_install command is deprecated setup.py egg_info --egg-base ../../build/gps_driver build --build-base /home/only/workspace/wang/smartcar/gps_module/gps_ws/build/gps_driver/build install --record /home/only/workspace/wang/smartcar/gps_module/gps_ws/build/gps_driver/install.log --single-version-externally-managed install_data
